<?xml version="1.0" encoding="UTF-8"?>
<!DOCTYPE hibernate-configuration PUBLIC
        "-//Hibernate/Hibernate Configuration DTD 3.0//EN"
        "http://www.hibernate.org/dtd/hibernate-configuration-3.0.dtd">
<hibernate-configuration>
    <session-factory>
        <property name="connection.driver_class">org.postgresql.Driver</property>
        <property name="connection.url">jdbc:postgresql://localhost:5432/user_db</property>

        <property name="connection.username">test</property>
        <property name="connection.password">test</property>

        <property name="hibernate.connection.pool_size">5</property>
        <property name="hibernate.dialect">org.hibernate.dialect.PostgreSQLDialect</property>
        <property name="hibernate.show_sql">false</property>
        <property name="hibernate.format_sql">false</property>
        <property name="hibernate.hbm2ddl.auto">create-drop</property>
        <property name="hibernate.current_session_context_class">thread</property>

        <mapping class="ru.ilyin.userservice.entity.User"/>

    </session-factory>
</hibernate-configuration>